<?xml version="1.0" encoding="UTF-8"?>
<!-- Generated by org.testng.reporters.JUnitReportReporter -->
<testsuite hostname="DESKTOP-3L88NPS" failures="0" tests="1" name="Test.Testing.Constructors" time="0.011" errors="0" timestamp="2023-08-02T16:57:27 IST" skipped="0">
  <testcase classname="Test.Testing.Constructors" name="maintest" time="0.011"/>
  <system-out/>
</testsuite> <!-- Test.Testing.Constructors -->
